<?xml version="1.0" encoding="UTF-8"?>
<!-- Generated by org.testng.reporters.JUnitReportReporter -->
<testsuite hostname="ip-172-31-21-20" failures="0" tests="2" name="testPage.restapicheck" time="1.830" errors="0" timestamp="2023-09-04T13:03:47 UTC" skipped="0">
  <testcase classname="testPage.restapicheck" name="getAllProduct" time="1.785"/>
  <system-out/>
  <testcase classname="testPage.restapicheck" name="getCategoryData" time="0.045"/>
  <system-out/>
</testsuite> <!-- testPage.restapicheck -->
