<?xml version="1.0" encoding="UTF-8"?>
<!-- Generated by org.testng.reporters.JUnitReportReporter -->
<testsuite hostname="ip-172-31-21-20" failures="0" tests="1" name="com.simplilearn.medicare.DB" time="0.043" errors="0" timestamp="2023-08-29T11:40:35 UTC" skipped="0">
  <testcase classname="com.simplilearn.medicare.DB" name="testOrder" time="0.043"/>
  <system-out/>
</testsuite> <!-- com.simplilearn.medicare.DB -->
