<?xml version="1.0" encoding="UTF-8"?>
<!-- Generated by org.testng.reporters.JUnitReportReporter -->
<testsuite hostname="ip-172-31-21-20" failures="0" tests="7" name="testPage.MedicarePageTest" time="54.592" errors="0" timestamp="2023-09-04T13:03:47 UTC" skipped="0">
  <testcase classname="testPage.MedicarePageTest" name="userRegisterPageVerfiy" time="5.679"/>
  <system-out/>
  <testcase classname="testPage.MedicarePageTest" name="userLoginPageVerify" time="2.572"/>
  <system-out/>
  <testcase classname="testPage.MedicarePageTest" name="validateSingleProduct" time="16.217"/>
  <system-out/>
  <testcase classname="testPage.MedicarePageTest" name="verfiyMultiProductAdd" time="17.660"/>
  <system-out/>
  <testcase classname="testPage.MedicarePageTest" name="logoutPage" time="1.218"/>
  <system-out/>
  <testcase classname="testPage.MedicarePageTest" name="supplierRegisterPageVerify" time="7.658"/>
  <system-out/>
  <testcase classname="testPage.MedicarePageTest" name="supplierLoginPageVerify" time="3.588"/>
  <system-out/>
</testsuite> <!-- testPage.MedicarePageTest -->
