<?xml version="1.0" encoding="UTF-8"?>
<!-- Generated by org.testng.reporters.JUnitReportReporter -->
<testsuite hostname="ip-172-31-21-20" failures="0" tests="5" name="testPage.AdminPage" time="27.448" errors="0" timestamp="2023-09-01T14:46:51 UTC" skipped="0">
  <testcase classname="testPage.AdminPage" name="addProductsAdmin" time="10.484"/>
  <system-out/>
  <testcase classname="testPage.AdminPage" name="editProduct" time="9.999"/>
  <system-out/>
  <testcase classname="testPage.AdminPage" name="availableProduct" time="1.234"/>
  <system-out/>
  <testcase classname="testPage.AdminPage" name="enableAndDisable" time="5.291"/>
  <system-out/>
  <testcase classname="testPage.AdminPage" name="logoutPage" time="0.440"/>
  <system-out/>
</testsuite> <!-- testPage.AdminPage -->
